"drag"
"Time Step" "flow-time etc.."
("Time Step" "flow-time" "report-def-0")
0 0 0.09860695659801878
1 0.01 0.09956756102780985
2 0.02 0.1000523921749424
3 0.03 0.1006719134644554
4 0.04 0.1013630899749013
5 0.05 0.1020781620035891
6 0.06 0.1027692446770588
7 0.07000000000000001 0.1033976456799689
8 0.08 0.1039228335926628
9 0.09 0.1043109403873151
10 0.1 0.1045462705759879
11 0.11 0.1046164365898194
12 0.12 0.10450372768434
13 0.13 0.1042118675167963
14 0.14 0.1037606673682473
15 0.15 0.1031757080962117
16 0.16 0.1024920135034935
17 0.17 0.101749154152985
18 0.18 0.1009916157049681
19 0.19 0.1002631228535194
20 0.2 0.09960678573107366
21 0.21 0.09906411983267409
22 0.22 0.09877925085588211
23 0.23 0.09896061229173615
24 0.24 0.09895139547202843
25 0.25 0.09893753196206005
26 0.26 0.09892532183717877
27 0.27 0.09891513154024373
28 0.28 0.09890756211850134
29 0.29 0.09890298523209386
30 0.3 0.09889967404281126
31 0.31 0.09889783659478246
32 0.32 0.09889673420721444
33 0.33 0.09889567060263361
34 0.34 0.09889457207548551
35 0.35 0.09889317668045759
36 0.36 0.09889177121004276
37 0.37 0.09889039901997951
38 0.38 0.09888940945474943
39 0.39 0.09888870037473893
40 0.4 0.09888807787609144
41 0.41 0.09888768933270893
42 0.42 0.09888748674166287
43 0.43 0.09888744447828561
44 0.44 0.09888757478499358
45 0.45 0.09888730851135903
46 0.46 0.09888766205907035
47 0.47 0.09888745510280857
48 0.48 0.09888738900267635
49 0.49 0.09888763296959473
50 0.5 0.09888759998525028
